<?xml version="1.0" encoding="UTF-8"?>
<testsuite xmlns:xsi="http://www.w3.org/2001/XMLSchema-instance" xsi:noNamespaceSchemaLocation="https://maven.apache.org/surefire/maven-surefire-plugin/xsd/surefire-test-report.xsd" name="com.poly.hangnt169.Sof3021Java5PolyApplicationTests" time="0.114" tests="1" errors="1" skipped="0" failures="0">
  <properties>
[...]
</properties>
  <testcase name="com.poly.hangnt169.Sof3021Java5PolyApplicationTests" classname="com.poly.hangnt169.Sof3021Java5PolyApplicationTests" time="0.114">
    <error message="Unable to find a @SpringBootConfiguration, you need to use @ContextConfiguration or @SpringBootTest(classes=...) with your test" type="java.lang.IllegalStateException">java.lang.IllegalStateException: Unable to find a @SpringBootConfiguration, you need to use @ContextConfiguration or @SpringBootTest(classes=...) with your test
</error>
    <system-out><![CDATA[08:03:19.773 [main] DEBUG org.springframework.boot.test.context.SpringBootTestContextBootstrapper - Neither @ContextConfiguration nor @ContextHierarchy found for test class [Sof3021Java5PolyApplicationTests]: using SpringBootContextLoader
08:03:19.774 [main] DEBUG org.springframework.test.context.support.AbstractContextLoader - Could not detect default resource locations for test class [com.poly.hangnt169.Sof3021Java5PolyApplicationTests]: no resource found for suffixes {-context.xml, Context.groovy}.
08:03:19.775 [main] INFO org.springframework.test.context.support.AnnotationConfigContextLoaderUtils - Could not detect default configuration classes for test class [com.poly.hangnt169.Sof3021Java5PolyApplicationTests]: Sof3021Java5PolyApplicationTests does not declare any static, non-private, non-final, nested classes annotated with @Configuration.
08:03:19.784 [main] DEBUG org.springframework.boot.test.context.SpringBootTestContextBootstrapper - Using ContextCustomizers for test class [Sof3021Java5PolyApplicationTests]: [ExcludeFilterContextCustomizer, DuplicateJsonObjectContextCustomizer, MockitoContextCustomizer, TestRestTemplateContextCustomizer, DisableObservabilityContextCustomizer, PropertyMappingContextCustomizer, Customizer]
08:03:19.798 [main] DEBUG org.springframework.core.io.support.PathMatchingResourcePatternResolver - Failed to complete search in directory [/Users/hangnt/Documents/Git/Poly/%23VideoFullJava/6.Java5/SOF3021_Java5_Poly/target/test-classes/com/poly/hangnt169] for files matching pattern [*.class]: java.nio.file.NoSuchFileException: /Users/hangnt/Documents/Git/Poly/%23VideoFullJava/6.Java5/SOF3021_Java5_Poly/target/test-classes/com/poly/hangnt169
08:03:19.798 [main] DEBUG org.springframework.core.io.support.PathMatchingResourcePatternResolver - Failed to complete search in directory [/Users/hangnt/Documents/Git/Poly/%23VideoFullJava/6.Java5/SOF3021_Java5_Poly/target/classes/com/poly/hangnt169] for files matching pattern [*.class]: java.nio.file.NoSuchFileException: /Users/hangnt/Documents/Git/Poly/%23VideoFullJava/6.Java5/SOF3021_Java5_Poly/target/classes/com/poly/hangnt169
08:03:19.798 [main] DEBUG org.springframework.core.io.support.PathMatchingResourcePatternResolver - Failed to complete search in directory [/Users/hangnt/Documents/Git/Poly/%23VideoFullJava/6.Java5/SOF3021_Java5_Poly/target/test-classes/com/poly] for files matching pattern [*.class]: java.nio.file.NoSuchFileException: /Users/hangnt/Documents/Git/Poly/%23VideoFullJava/6.Java5/SOF3021_Java5_Poly/target/test-classes/com/poly
08:03:19.799 [main] DEBUG org.springframework.core.io.support.PathMatchingResourcePatternResolver - Failed to complete search in directory [/Users/hangnt/Documents/Git/Poly/%23VideoFullJava/6.Java5/SOF3021_Java5_Poly/target/classes/com/poly] for files matching pattern [*.class]: java.nio.file.NoSuchFileException: /Users/hangnt/Documents/Git/Poly/%23VideoFullJava/6.Java5/SOF3021_Java5_Poly/target/classes/com/poly
08:03:19.799 [main] DEBUG org.springframework.core.io.support.PathMatchingResourcePatternResolver - Failed to complete search in directory [/Users/hangnt/Documents/Git/Poly/%23VideoFullJava/6.Java5/SOF3021_Java5_Poly/target/test-classes/com] for files matching pattern [*.class]: java.nio.file.NoSuchFileException: /Users/hangnt/Documents/Git/Poly/%23VideoFullJava/6.Java5/SOF3021_Java5_Poly/target/test-classes/com
08:03:19.799 [main] DEBUG org.springframework.core.io.support.PathMatchingResourcePatternResolver - Failed to complete search in directory [/Users/hangnt/Documents/Git/Poly/%23VideoFullJava/6.Java5/SOF3021_Java5_Poly/target/classes/com] for files matching pattern [*.class]: java.nio.file.NoSuchFileException: /Users/hangnt/Documents/Git/Poly/%23VideoFullJava/6.Java5/SOF3021_Java5_Poly/target/classes/com
]]></system-out>
  </testcase>
</testsuite>